<?xml version="1.0" encoding="UTF-8"?>
<!-- Generated by org.testng.reporters.JUnitReportReporter -->
<testsuite hostname="DESKTOP-VV8C2GO" failures="0" tests="2" name="pac1.ContactTest" time="0.012" errors="0" timestamp="2024-06-20T11:17:51 IST" skipped="0">
  <testcase classname="pac1.ContactTest" name="createContactTest" time="0.010"/>
  <testcase classname="pac1.ContactTest" name="modifyContactTest" time="0.002"/>
</testsuite> <!-- pac1.ContactTest -->
