<?xml version="1.0" encoding="UTF-8"?>
<!-- Generated by org.testng.reporters.JUnitReportReporter -->
<testsuite hostname="DESKTOP-VV8C2GO" failures="0" tests="2" name="pac2.OrganizationTest" time="0.029" errors="0" timestamp="2024-06-22T11:42:55 IST" skipped="0">
  <testcase classname="pac2.OrganizationTest" name="createOrgTest" time="0.026"/>
  <testcase classname="pac2.OrganizationTest" name="modifyOrgTest" time="0.003"/>
</testsuite> <!-- pac2.OrganizationTest -->
